{1:F01BANKUS33AXXX0000000000}{2:I103BANKDEFXXXXN}{3:{103:TGT}{108:1234567890123456}}{4:
:20:20210929001
:23B:CRED
:32A:210929USD1000,
:50K:/1234567890
John Doe
123 Main Street
New York, NY 10001
USA
:52A:DEUTDEFFXXX
:57A:BNPAFRPPXXX
:59:/9876543210
Jane Smith
456 Park Avenue
Paris
France
:70:Payment for invoice 12345
-}${1:F01BANKUS33AXXX0000000000}{2:I202BANKDEFXXXXN}{3:{103:TGT}{108:1234567890123456}}{4:
  :20:20210929002
  :23B:CRED
  :32A:210929USD5000,
  :50K:/1234567890
  John Doe
  123 Main Street
  New York, NY 10001
  USA
  :52A:DEUTDEFFXXX
  :53A:DEUTDEFFXXX
  :57A:BNPAFRPPXXX
  :59:/9876543210
  Jane Smith
  456 Park Avenue
  Paris
  France
  :70:Payment for goods
  -}


